time="2021-06-06T20:08:21+04:00" level=info msg="scheduler is running..."
time="2021-06-06T20:09:31+04:00" level=info msg="scheduler is running..."
time="2021-06-06T20:10:05+04:00" level=info msg="scheduler is running..."
time="2021-06-06T20:22:14+04:00" level=info msg="scheduler is running..."
time="2021-06-06T20:28:58+04:00" level=info msg="scheduler is running..."
time="2021-06-06T20:30:52+04:00" level=info msg="scheduler is running..."
time="2021-06-06T20:31:26+04:00" level=info msg="scheduler is running..."
time="2021-06-06T20:32:03+04:00" level=info msg="scheduler is running..."
time="2021-06-06T20:32:48+04:00" level=info msg="scheduler is running..."
time="2021-06-06T20:33:09+04:00" level=info msg="scheduler is running..."
time="2021-06-06T20:33:38+04:00" level=info msg="scheduler is running..."
time="2021-06-06T20:35:27+04:00" level=info msg="scheduler is running..."
time="2021-06-06T20:36:09+04:00" level=info msg="scheduler is running..."
time="2021-06-06T20:36:09+04:00" level=info msg="{\"EventID\":\"18\",\"Title\":\"event1\",\"Date\":\"2021-06-06T16:35:00Z\",\"UserID\":\"12\"}"
time="2021-06-06T20:36:09+04:00" level=info msg="{\"EventID\":\"17\",\"Title\":\"event1\",\"Date\":\"2021-06-06T16:35:00Z\",\"UserID\":\"12\"}"
time="2021-06-06T20:36:31+04:00" level=info msg="scheduler is running..."
time="2021-06-06T20:36:31+04:00" level=error msg="cannot close channel: Exception (504) Reason: \"channel/connection is not open\""
time="2021-06-06T20:36:31+04:00" level=info msg="{\"EventID\":\"18\",\"Title\":\"event1\",\"Date\":\"2021-06-06T16:35:00Z\",\"UserID\":\"12\"}"
time="2021-06-06T20:36:31+04:00" level=error msg="cannot exchange publish: Exception (504) Reason: \"channel/connection is not open\""
time="2021-06-06T20:36:31+04:00" level=error msg="cannot open channel: Exception (504) Reason: \"channel/connection is not open\""
time="2021-06-06T20:37:16+04:00" level=info msg="scheduler is running..."
time="2021-06-06T20:37:16+04:00" level=info msg="{\"EventID\":\"18\",\"Title\":\"event1\",\"Date\":\"2021-06-06T16:35:00Z\",\"UserID\":\"12\"}"
time="2021-06-06T20:37:16+04:00" level=info msg="{\"EventID\":\"17\",\"Title\":\"event1\",\"Date\":\"2021-06-06T16:35:00Z\",\"UserID\":\"12\"}"
time="2021-06-06T20:37:16+04:00" level=error msg="cannot open channel: Exception (504) Reason: \"channel/connection is not open\""
time="2021-06-06T20:38:34+04:00" level=info msg="scheduler is running..."
time="2021-06-06T20:38:34+04:00" level=info msg="{\"EventID\":\"18\",\"Title\":\"event1\",\"Date\":\"2021-06-06T16:35:00Z\",\"UserID\":\"12\"}"
time="2021-06-06T20:38:34+04:00" level=info msg="{\"EventID\":\"17\",\"Title\":\"event1\",\"Date\":\"2021-06-06T16:35:00Z\",\"UserID\":\"12\"}"
time="2021-06-06T21:47:12+04:00" level=info msg="scheduler is running..."
