time="2021-06-06T20:09:48+04:00" level=info msg="channel opened"
time="2021-06-06T20:09:48+04:00" level=info msg="consumer read msg"
time="2021-06-06T20:09:48+04:00" level=info msg="Consumer ready, PID: 48716"
time="2021-06-06T20:12:08+04:00" level=error msg="cannot close channel: Exception (504) Reason: \"channel/connection is not open\""
time="2021-06-06T20:28:55+04:00" level=info msg="channel opened"
time="2021-06-06T20:28:55+04:00" level=info msg="consumer read msg"
time="2021-06-06T20:28:55+04:00" level=info msg="Consumer ready, PID: 51386"
time="2021-06-06T20:29:15+04:00" level=error msg="cannot close channel: Exception (504) Reason: \"channel/connection is not open\""
time="2021-06-06T20:36:25+04:00" level=info msg="channel opened"
time="2021-06-06T20:36:25+04:00" level=info msg="consumer read msg"
time="2021-06-06T20:36:25+04:00" level=info msg="Consumer ready, PID: 52973"
time="2021-06-06T20:36:25+04:00" level=info msg="Received a message: {\"EventID\":\"18\",\"Title\":\"event1\",\"Date\":\"2021-06-06T16:35:00Z\",\"UserID\":\"12\"}"
time="2021-06-06T20:36:25+04:00" level=info msg="Acknowledged message"
time="2021-06-06T20:36:25+04:00" level=info msg="Received a message: {\"EventID\":\"17\",\"Title\":\"event1\",\"Date\":\"2021-06-06T16:35:00Z\",\"UserID\":\"12\"}"
time="2021-06-06T20:36:25+04:00" level=info msg="Acknowledged message"
time="2021-06-06T20:36:35+04:00" level=error msg="cannot close channel: Exception (504) Reason: \"channel/connection is not open\""
time="2021-06-06T21:47:13+04:00" level=info msg="channel opened"
time="2021-06-06T21:47:13+04:00" level=info msg="consumer read msg"
time="2021-06-06T21:47:13+04:00" level=info msg="Consumer ready, PID: 61080"
time="2021-06-06T21:47:13+04:00" level=info msg="Received a message: {\"EventID\":\"18\",\"Title\":\"event1\",\"Date\":\"2021-06-06T16:35:00Z\",\"UserID\":\"12\"}"
time="2021-06-06T21:47:13+04:00" level=info msg="Acknowledged message"
time="2021-06-06T21:47:13+04:00" level=info msg="Received a message: {\"EventID\":\"17\",\"Title\":\"event1\",\"Date\":\"2021-06-06T16:35:00Z\",\"UserID\":\"12\"}"
time="2021-06-06T21:47:13+04:00" level=info msg="Acknowledged message"
time="2021-06-06T21:47:13+04:00" level=info msg="Received a message: {\"EventID\":\"18\",\"Title\":\"event1\",\"Date\":\"2021-06-06T16:35:00Z\",\"UserID\":\"12\"}"
time="2021-06-06T21:47:13+04:00" level=info msg="Acknowledged message"
time="2021-06-06T21:47:13+04:00" level=info msg="Received a message: {\"EventID\":\"17\",\"Title\":\"event1\",\"Date\":\"2021-06-06T16:35:00Z\",\"UserID\":\"12\"}"
time="2021-06-06T21:47:13+04:00" level=info msg="Acknowledged message"
time="2021-06-06T21:47:15+04:00" level=error msg="cannot close channel: Exception (504) Reason: \"channel/connection is not open\""
